<?xml version="1.0" encoding="UTF-8"?>
<coverage generated="1494911527373" clover="3.2.0">
  <project timestamp="1494911527373" name="All files">
    <metrics statements="29" coveredstatements="10" conditionals="0" coveredconditionals="0" methods="23" coveredmethods="10" elements="52" coveredelements="20" complexity="0" loc="29" ncloc="29" packages="1" files="1" classes="1">
      <file name="index.js" path="/home/sv/Projects/commands/src/actions/index.js">
        <metrics statements="29" coveredstatements="10" conditionals="0" coveredconditionals="0" methods="23" coveredmethods="10"/>
        <line num="6" count="0" type="stmt"/>
        <line num="7" count="0" type="stmt"/>
        <line num="8" count="0" type="stmt"/>
        <line num="11" count="0" type="stmt"/>
        <line num="15" count="0" type="stmt"/>
        <line num="18" count="0" type="stmt"/>
        <line num="23" count="0" type="stmt"/>
        <line num="25" count="0" type="stmt"/>
        <line num="26" count="0" type="stmt"/>
        <line num="29" count="0" type="stmt"/>
        <line num="33" count="0" type="stmt"/>
        <line num="38" count="1" type="stmt"/>
        <line num="39" count="1" type="stmt"/>
        <line num="43" count="1" type="stmt"/>
        <line num="44" count="1" type="stmt"/>
        <line num="48" count="1" type="stmt"/>
        <line num="49" count="1" type="stmt"/>
        <line num="54" count="0" type="stmt"/>
        <line num="55" count="0" type="stmt"/>
        <line num="56" count="0" type="stmt"/>
        <line num="57" count="0" type="stmt"/>
        <line num="62" count="1" type="stmt"/>
        <line num="63" count="1" type="stmt"/>
        <line num="67" count="0" type="stmt"/>
        <line num="68" count="0" type="stmt"/>
        <line num="73" count="0" type="stmt"/>
        <line num="74" count="0" type="stmt"/>
        <line num="82" count="1" type="stmt"/>
        <line num="83" count="1" type="stmt"/>
      </file>
    </metrics>
  </project>
</coverage>
