{"/home/sv/Projects/commands/src/actions/index.js": {"path":"/home/sv/Projects/commands/src/actions/index.js","statementMap":{"0":{"start":{"line":6,"column":2},"end":{"line":19,"column":4}},"1":{"start":{"line":7,"column":18},"end":{"line":9,"column":6}},"2":{"start":{"line":8,"column":6},"end":{"line":8,"column":29}},"3":{"start":{"line":11,"column":4},"end":{"line":16,"column":7}},"4":{"start":{"line":15,"column":6},"end":{"line":15,"column":24}},"5":{"start":{"line":18,"column":4},"end":{"line":18,"column":19}},"6":{"start":{"line":23,"column":2},"end":{"line":34,"column":4}},"7":{"start":{"line":25,"column":18},"end":{"line":27,"column":6}},"8":{"start":{"line":26,"column":6},"end":{"line":26,"column":29}},"9":{"start":{"line":29,"column":4},"end":{"line":32,"column":7}},"10":{"start":{"line":33,"column":4},"end":{"line":33,"column":19}},"11":{"start":{"line":38,"column":2},"end":{"line":40,"column":4}},"12":{"start":{"line":39,"column":4},"end":{"line":39,"column":54}},"13":{"start":{"line":43,"column":2},"end":{"line":45,"column":4}},"14":{"start":{"line":44,"column":4},"end":{"line":44,"column":40}},"15":{"start":{"line":48,"column":2},"end":{"line":50,"column":4}},"16":{"start":{"line":49,"column":4},"end":{"line":49,"column":40}},"17":{"start":{"line":54,"column":2},"end":{"line":58,"column":3}},"18":{"start":{"line":55,"column":18},"end":{"line":55,"column":60}},"19":{"start":{"line":56,"column":4},"end":{"line":56,"column":55}},"20":{"start":{"line":57,"column":4},"end":{"line":57,"column":18}},"21":{"start":{"line":62,"column":2},"end":{"line":64,"column":3}},"22":{"start":{"line":63,"column":4},"end":{"line":63,"column":58}},"23":{"start":{"line":67,"column":2},"end":{"line":69,"column":3}},"24":{"start":{"line":68,"column":4},"end":{"line":68,"column":96}},"25":{"start":{"line":73,"column":2},"end":{"line":78,"column":3}},"26":{"start":{"line":74,"column":4},"end":{"line":77,"column":6}},"27":{"start":{"line":82,"column":2},"end":{"line":84,"column":3}},"28":{"start":{"line":83,"column":4},"end":{"line":83,"column":52}}},"fnMap":{"0":{"name":"searchCommand","decl":{"start":{"line":5,"column":16},"end":{"line":5,"column":29}},"loc":{"start":{"line":5,"column":37},"end":{"line":20,"column":1}},"line":5},"1":{"name":"(anonymous_1)","decl":{"start":{"line":6,"column":9},"end":{"line":6,"column":10}},"loc":{"start":{"line":6,"column":23},"end":{"line":19,"column":3}},"line":6},"2":{"name":"(anonymous_2)","decl":{"start":{"line":7,"column":72},"end":{"line":7,"column":73}},"loc":{"start":{"line":7,"column":86},"end":{"line":9,"column":5}},"line":7},"3":{"name":"(anonymous_3)","decl":{"start":{"line":14,"column":13},"end":{"line":14,"column":14}},"loc":{"start":{"line":14,"column":22},"end":{"line":16,"column":5}},"line":14},"4":{"name":"getCommands","decl":{"start":{"line":22,"column":16},"end":{"line":22,"column":27}},"loc":{"start":{"line":22,"column":30},"end":{"line":35,"column":1}},"line":22},"5":{"name":"(anonymous_5)","decl":{"start":{"line":23,"column":9},"end":{"line":23,"column":10}},"loc":{"start":{"line":23,"column":23},"end":{"line":34,"column":3}},"line":23},"6":{"name":"(anonymous_6)","decl":{"start":{"line":25,"column":53},"end":{"line":25,"column":54}},"loc":{"start":{"line":25,"column":67},"end":{"line":27,"column":5}},"line":25},"7":{"name":"selectCommand","decl":{"start":{"line":37,"column":16},"end":{"line":37,"column":29}},"loc":{"start":{"line":37,"column":34},"end":{"line":41,"column":1}},"line":37},"8":{"name":"(anonymous_8)","decl":{"start":{"line":38,"column":9},"end":{"line":38,"column":10}},"loc":{"start":{"line":38,"column":23},"end":{"line":40,"column":3}},"line":38},"9":{"name":"showAddForm","decl":{"start":{"line":42,"column":16},"end":{"line":42,"column":27}},"loc":{"start":{"line":42,"column":30},"end":{"line":46,"column":1}},"line":42},"10":{"name":"(anonymous_10)","decl":{"start":{"line":43,"column":9},"end":{"line":43,"column":10}},"loc":{"start":{"line":43,"column":23},"end":{"line":45,"column":3}},"line":43},"11":{"name":"hideAddForm","decl":{"start":{"line":47,"column":16},"end":{"line":47,"column":27}},"loc":{"start":{"line":47,"column":30},"end":{"line":51,"column":1}},"line":47},"12":{"name":"(anonymous_12)","decl":{"start":{"line":48,"column":9},"end":{"line":48,"column":10}},"loc":{"start":{"line":48,"column":23},"end":{"line":50,"column":3}},"line":48},"13":{"name":"addCommand","decl":{"start":{"line":53,"column":16},"end":{"line":53,"column":26}},"loc":{"start":{"line":53,"column":36},"end":{"line":59,"column":1}},"line":53},"14":{"name":"(anonymous_14)","decl":{"start":{"line":54,"column":9},"end":{"line":54,"column":10}},"loc":{"start":{"line":54,"column":23},"end":{"line":58,"column":3}},"line":54},"15":{"name":"editCommand","decl":{"start":{"line":61,"column":16},"end":{"line":61,"column":27}},"loc":{"start":{"line":61,"column":37},"end":{"line":65,"column":1}},"line":61},"16":{"name":"(anonymous_16)","decl":{"start":{"line":62,"column":9},"end":{"line":62,"column":10}},"loc":{"start":{"line":62,"column":23},"end":{"line":64,"column":3}},"line":62},"17":{"name":"updateCommand","decl":{"start":{"line":66,"column":16},"end":{"line":66,"column":29}},"loc":{"start":{"line":66,"column":39},"end":{"line":70,"column":1}},"line":66},"18":{"name":"(anonymous_18)","decl":{"start":{"line":67,"column":9},"end":{"line":67,"column":10}},"loc":{"start":{"line":67,"column":23},"end":{"line":69,"column":3}},"line":67},"19":{"name":"deleteCommand","decl":{"start":{"line":72,"column":16},"end":{"line":72,"column":29}},"loc":{"start":{"line":72,"column":34},"end":{"line":79,"column":1}},"line":72},"20":{"name":"(anonymous_20)","decl":{"start":{"line":73,"column":9},"end":{"line":73,"column":10}},"loc":{"start":{"line":73,"column":23},"end":{"line":78,"column":3}},"line":73},"21":{"name":"showMessage","decl":{"start":{"line":81,"column":16},"end":{"line":81,"column":27}},"loc":{"start":{"line":81,"column":33},"end":{"line":85,"column":1}},"line":81},"22":{"name":"(anonymous_22)","decl":{"start":{"line":82,"column":9},"end":{"line":82,"column":10}},"loc":{"start":{"line":82,"column":23},"end":{"line":84,"column":3}},"line":82}},"branchMap":{},"s":{"0":0,"1":0,"2":0,"3":0,"4":0,"5":0,"6":0,"7":0,"8":0,"9":0,"10":0,"11":1,"12":1,"13":1,"14":1,"15":1,"16":1,"17":0,"18":0,"19":0,"20":0,"21":1,"22":1,"23":0,"24":0,"25":0,"26":0,"27":1,"28":1},"f":{"0":0,"1":0,"2":0,"3":0,"4":0,"5":0,"6":0,"7":1,"8":1,"9":1,"10":1,"11":1,"12":1,"13":0,"14":0,"15":1,"16":1,"17":0,"18":0,"19":0,"20":0,"21":1,"22":1},"b":{},"_coverageSchema":"332fd63041d2c1bcb487cc26dd0d5f7d97098a6c","hash":"94164a9bf728254a2e01e0cc843882008307e43c"}
}
