TN:
SF:/home/sv/Projects/commands/src/actions/index.js
FN:5,searchCommand
FN:6,(anonymous_1)
FN:7,(anonymous_2)
FN:14,(anonymous_3)
FN:22,getCommands
FN:23,(anonymous_5)
FN:25,(anonymous_6)
FN:37,selectCommand
FN:38,(anonymous_8)
FN:42,showAddForm
FN:43,(anonymous_10)
FN:47,hideAddForm
FN:48,(anonymous_12)
FN:53,addCommand
FN:54,(anonymous_14)
FN:61,editCommand
FN:62,(anonymous_16)
FN:66,updateCommand
FN:67,(anonymous_18)
FN:72,deleteCommand
FN:73,(anonymous_20)
FN:81,showMessage
FN:82,(anonymous_22)
FNF:23
FNH:10
FNDA:0,searchCommand
FNDA:0,(anonymous_1)
FNDA:0,(anonymous_2)
FNDA:0,(anonymous_3)
FNDA:0,getCommands
FNDA:0,(anonymous_5)
FNDA:0,(anonymous_6)
FNDA:1,selectCommand
FNDA:1,(anonymous_8)
FNDA:1,showAddForm
FNDA:1,(anonymous_10)
FNDA:1,hideAddForm
FNDA:1,(anonymous_12)
FNDA:0,addCommand
FNDA:0,(anonymous_14)
FNDA:1,editCommand
FNDA:1,(anonymous_16)
FNDA:0,updateCommand
FNDA:0,(anonymous_18)
FNDA:0,deleteCommand
FNDA:0,(anonymous_20)
FNDA:1,showMessage
FNDA:1,(anonymous_22)
DA:6,0
DA:7,0
DA:8,0
DA:11,0
DA:15,0
DA:18,0
DA:23,0
DA:25,0
DA:26,0
DA:29,0
DA:33,0
DA:38,1
DA:39,1
DA:43,1
DA:44,1
DA:48,1
DA:49,1
DA:54,0
DA:55,0
DA:56,0
DA:57,0
DA:62,1
DA:63,1
DA:67,0
DA:68,0
DA:73,0
DA:74,0
DA:82,1
DA:83,1
LF:29
LH:10
BRF:0
BRH:0
end_of_record
